E:\C++\SIFT-MASTER\DEBUG\SIFT.EXE
E:\C++\SIFT-MASTER\DEBUG\SIFT.ILK
E:\C++\SIFT-MASTER\DEBUG\SIFT.PDB
E:\C++\SIFT-MASTER\SIFT\DEBUG\BINARIZE_WINDOW.OBJ
E:\C++\SIFT-MASTER\SIFT\DEBUG\CANNY.OBJ
E:\C++\SIFT-master\SIFT\Debug\cl.command.1.tlog
E:\C++\SIFT-master\SIFT\Debug\CL.read.1.tlog
E:\C++\SIFT-master\SIFT\Debug\CL.write.1.tlog
E:\C++\SIFT-MASTER\SIFT\DEBUG\CVTHRESHOLD.OBJ
E:\C++\SIFT-MASTER\SIFT\DEBUG\DILATE.OBJ
E:\C++\SIFT-MASTER\SIFT\DEBUG\DILATE_ONESTEP.OBJ
E:\C++\SIFT-MASTER\SIFT\DEBUG\KMEANS.OBJ
E:\C++\SIFT-MASTER\SIFT\DEBUG\LINEDETECT.OBJ
E:\C++\SIFT-master\SIFT\Debug\link.command.1.tlog
E:\C++\SIFT-master\SIFT\Debug\link.read.1.tlog
E:\C++\SIFT-master\SIFT\Debug\link.write.1.tlog
E:\C++\SIFT-master\SIFT\Debug\mt.command.1.tlog
E:\C++\SIFT-master\SIFT\Debug\mt.read.1.tlog
E:\C++\SIFT-master\SIFT\Debug\mt.write.1.tlog
E:\C++\SIFT-MASTER\SIFT\DEBUG\PERSPECT.OBJ
E:\C++\SIFT-MASTER\SIFT\DEBUG\PERSPWRAP.OBJ
E:\C++\SIFT-MASTER\SIFT\DEBUG\QUADRIZE.OBJ
E:\C++\SIFT-master\SIFT\Debug\rc.command.1.tlog
E:\C++\SIFT-master\SIFT\Debug\rc.read.1.tlog
E:\C++\SIFT-master\SIFT\Debug\rc.write.1.tlog
E:\C++\SIFT-MASTER\SIFT\DEBUG\ROTATE.OBJ
E:\C++\SIFT-MASTER\SIFT\DEBUG\ROTATECORRECTION.OBJ
E:\C++\SIFT-master\SIFT\Debug\SIFT.exe.embed.manifest
E:\C++\SIFT-MASTER\SIFT\DEBUG\SIFT.EXE.EMBED.MANIFEST.RES
E:\C++\SIFT-MASTER\SIFT\DEBUG\SIFT.EXE.INTERMEDIATE.MANIFEST
E:\C++\SIFT-master\SIFT\Debug\SIFT.write.1.tlog
E:\C++\SIFT-master\SIFT\Debug\SIFT_manifest.rc
E:\C++\SIFT-MASTER\SIFT\DEBUG\SURF_HOMOGRAPHY.OBJ
E:\C++\SIFT-master\SIFT\Debug\vc100.idb
E:\C++\SIFT-MASTER\SIFT\DEBUG\VC100.PDB
